<?xml version="1.0" encoding="UTF-8"?>
<!-- Generated by org.testng.reporters.JUnitReportReporter -->
<testsuite skipped="0" hostname="vaibs-pc" name="com.emt.testcases.RegistrationPageTest" tests="2" failures="0" timestamp="2021-10-20T17:06:09 IST" time="31.947" errors="0">
  <testcase name="registrationValidCredentialsTest" time="25.691" classname="com.emt.testcases.RegistrationPageTest"/>
  <system-out/>
  <testcase name="registrationInvalidCredentialsTest" time="6.256" classname="com.emt.testcases.RegistrationPageTest"/>
  <system-out/>
</testsuite> <!-- com.emt.testcases.RegistrationPageTest -->
