<?xml version="1.0" encoding="UTF-8"?>
<!-- Generated by org.testng.reporters.JUnitReportReporter -->
<testsuite skipped="0" hostname="vaibs-pc" name="com.emt.testcases.OneWayTripTest" tests="34" failures="0" timestamp="2021-10-20T17:06:09 IST" time="295.748" errors="0">
  <testcase name="ToOriginLeftBlankTest" time="5.281" classname="com.emt.testcases.OneWayTripTest"/>
  <system-out/>
  <testcase name="TravellersDropdownTest" time="5.280" classname="com.emt.testcases.OneWayTripTest"/>
  <system-out/>
  <testcase name="ToDropdownCharacterAcceptanceTest" time="5.510" classname="com.emt.testcases.OneWayTripTest"/>
  <system-out/>
  <testcase name="searchFlightsForOneWayTripTest" time="13.481" classname="com.emt.testcases.OneWayTripTest"/>
  <system-out/>
  <testcase name="searchFlightsForOneWayTripTest" time="13.763" classname="com.emt.testcases.OneWayTripTest"/>
  <system-out/>
  <testcase name="ToDropdownAlphaNumericTest" time="5.026" classname="com.emt.testcases.OneWayTripTest"/>
  <system-out/>
  <testcase name="searchFlightsForOneWayTripTest" time="13.364" classname="com.emt.testcases.OneWayTripTest"/>
  <system-out/>
  <testcase name="fromDropdownDisplayTest" time="5.500" classname="com.emt.testcases.OneWayTripTest"/>
  <system-out/>
  <testcase name="FromoriginLeftBlankTest" time="5.201" classname="com.emt.testcases.OneWayTripTest"/>
  <system-out/>
  <testcase name="SelectDateTest" time="5.255" classname="com.emt.testcases.OneWayTripTest"/>
  <system-out/>
  <testcase name="ToDropdownNumberAcceptanceTest" time="6.339" classname="com.emt.testcases.OneWayTripTest"/>
  <system-out/>
  <testcase name="searchFlightsForOneWayTripTest" time="15.492" classname="com.emt.testcases.OneWayTripTest"/>
  <system-out/>
  <testcase name="TravellersDropdownMenuDisplayTest" time="5.615" classname="com.emt.testcases.OneWayTripTest"/>
  <system-out/>
  <testcase name="flightPageTest" time="25.926" classname="com.emt.testcases.OneWayTripTest"/>
  <system-out/>
  <testcase name="ToCountryOrCityTest" time="6.061" classname="com.emt.testcases.OneWayTripTest"/>
  <system-out/>
  <testcase name="searchFlightsForOneWayTripTest" time="13.549" classname="com.emt.testcases.OneWayTripTest"/>
  <system-out/>
  <testcase name="fromDropdownNumberAcceptanceTest" time="5.360" classname="com.emt.testcases.OneWayTripTest"/>
  <system-out/>
  <testcase name="fromDropdownCharacterAcceptanceTest" time="5.134" classname="com.emt.testcases.OneWayTripTest"/>
  <system-out/>
  <testcase name="TravellersDropdownAdultAddDelTest" time="5.440" classname="com.emt.testcases.OneWayTripTest"/>
  <system-out/>
  <testcase name="fromDropdownAlphaNumericTest" time="5.226" classname="com.emt.testcases.OneWayTripTest"/>
  <system-out/>
  <testcase name="searchFlightsForOneWayTripTest" time="14.551" classname="com.emt.testcases.OneWayTripTest"/>
  <system-out/>
  <testcase name="searchFlightsForOneWayTripTest" time="13.350" classname="com.emt.testcases.OneWayTripTest"/>
  <system-out/>
  <testcase name="ToDropdownDSpecialharacterAcceptanceTest" time="5.466" classname="com.emt.testcases.OneWayTripTest"/>
  <system-out/>
  <testcase name="searchFlightsForOneWayTripTest" time="13.344" classname="com.emt.testcases.OneWayTripTest"/>
  <system-out/>
  <testcase name="TravellersDropdownInfantAddDelTest" time="5.596" classname="com.emt.testcases.OneWayTripTest"/>
  <system-out/>
  <testcase name="ToDropdownDisplayTest" time="4.821" classname="com.emt.testcases.OneWayTripTest"/>
  <system-out/>
  <testcase name="searchFlightsForOneWayTripTest" time="13.736" classname="com.emt.testcases.OneWayTripTest"/>
  <system-out/>
  <testcase name="searchFlightsForOneWayTripTest" time="13.422" classname="com.emt.testcases.OneWayTripTest"/>
  <system-out/>
  <testcase name="SelectNextTwoMonthDateTest" time="4.929" classname="com.emt.testcases.OneWayTripTest"/>
  <system-out/>
  <testcase name="fromDropdownSpecialharacterAcceptanceTest" time="5.128" classname="com.emt.testcases.OneWayTripTest"/>
  <system-out/>
  <testcase name="DateFieldClickTest" time="5.903" classname="com.emt.testcases.OneWayTripTest"/>
  <system-out/>
  <testcase name="FromCountryOrCityTest" time="5.417" classname="com.emt.testcases.OneWayTripTest"/>
  <system-out/>
  <testcase name="searchFlightsForOneWayTripTest" time="13.353" classname="com.emt.testcases.OneWayTripTest"/>
  <system-out/>
  <testcase name="TravellersDropdownChildAddDelTest" time="4.929" classname="com.emt.testcases.OneWayTripTest"/>
  <system-out/>
</testsuite> <!-- com.emt.testcases.OneWayTripTest -->
