<?xml version="1.0" encoding="UTF-8"?>
<!-- Generated by org.testng.reporters.JUnitReportReporter -->
<testsuite skipped="0" hostname="vaibs-pc" name="com.emt.testcases.RoundTripTest" tests="34" failures="0" timestamp="2021-10-20T17:06:09 IST" time="242.736" errors="0">
  <testcase name="fromDropdownCharacterAcceptanceTest" time="5.220" classname="com.emt.testcases.RoundTripTest"/>
  <system-out/>
  <testcase name="fromDropdownNumberAcceptanceTest" time="5.270" classname="com.emt.testcases.RoundTripTest"/>
  <system-out/>
  <testcase name="ToDropdownAlphaNumericTest" time="4.992" classname="com.emt.testcases.RoundTripTest"/>
  <system-out/>
  <testcase name="TravellersDropdownInfantAddDelTest" time="5.196" classname="com.emt.testcases.RoundTripTest"/>
  <system-out/>
  <testcase name="fromDropdownAlphaNumericTest" time="5.321" classname="com.emt.testcases.RoundTripTest"/>
  <system-out/>
  <testcase name="fromDropdownDisplayTest" time="5.354" classname="com.emt.testcases.RoundTripTest"/>
  <system-out/>
  <testcase name="searchFlightsForRoundTripTest" time="8.917" classname="com.emt.testcases.RoundTripTest"/>
  <system-out/>
  <testcase name="TravellersDropdownChildAddDelTest" time="5.877" classname="com.emt.testcases.RoundTripTest"/>
  <system-out/>
  <testcase name="ToDropdownDisplayTest" time="5.327" classname="com.emt.testcases.RoundTripTest"/>
  <system-out/>
  <testcase name="flightPageTest" time="27.824" classname="com.emt.testcases.RoundTripTest"/>
  <system-out/>
  <testcase name="FromoriginLeftBlankTest" time="5.250" classname="com.emt.testcases.RoundTripTest"/>
  <system-out/>
  <testcase name="SelectDateTest" time="5.322" classname="com.emt.testcases.RoundTripTest"/>
  <system-out/>
  <testcase name="searchFlightsForRoundTripTest" time="8.408" classname="com.emt.testcases.RoundTripTest"/>
  <system-out/>
  <testcase name="ToDropdownDSpecialharacterAcceptanceTest" time="5.442" classname="com.emt.testcases.RoundTripTest"/>
  <system-out/>
  <testcase name="FromCountryOrCityTest" time="5.588" classname="com.emt.testcases.RoundTripTest"/>
  <system-out/>
  <testcase name="TravellersDropdownTest" time="5.140" classname="com.emt.testcases.RoundTripTest"/>
  <system-out/>
  <testcase name="searchFlightsForRoundTripTest" time="8.467" classname="com.emt.testcases.RoundTripTest"/>
  <system-out/>
  <testcase name="ToDropdownNumberAcceptanceTest" time="5.426" classname="com.emt.testcases.RoundTripTest"/>
  <system-out/>
  <testcase name="fromDropdownSpecialharacterAcceptanceTest" time="4.973" classname="com.emt.testcases.RoundTripTest"/>
  <system-out/>
  <testcase name="searchFlightsForRoundTripTest" time="9.545" classname="com.emt.testcases.RoundTripTest"/>
  <system-out/>
  <testcase name="searchFlightsForRoundTripTest" time="11.264" classname="com.emt.testcases.RoundTripTest"/>
  <system-out/>
  <testcase name="searchFlightsForRoundTripTest" time="8.495" classname="com.emt.testcases.RoundTripTest"/>
  <system-out/>
  <testcase name="DateFieldClickTest" time="5.123" classname="com.emt.testcases.RoundTripTest"/>
  <system-out/>
  <testcase name="searchFlightsForRoundTripTest" time="9.062" classname="com.emt.testcases.RoundTripTest"/>
  <system-out/>
  <testcase name="TravellersDropdownAdultAddDelTest" time="5.000" classname="com.emt.testcases.RoundTripTest"/>
  <system-out/>
  <testcase name="TravellersDropdownMenuDisplayTest" time="5.362" classname="com.emt.testcases.RoundTripTest"/>
  <system-out/>
  <testcase name="searchFlightsForRoundTripTest" time="8.567" classname="com.emt.testcases.RoundTripTest"/>
  <system-out/>
  <testcase name="searchFlightsForRoundTripTest" time="8.392" classname="com.emt.testcases.RoundTripTest"/>
  <system-out/>
  <testcase name="ToOriginLeftBlankTest" time="5.186" classname="com.emt.testcases.RoundTripTest"/>
  <system-out/>
  <testcase name="SelectNextTwoMonthDateTest" time="5.196" classname="com.emt.testcases.RoundTripTest"/>
  <system-out/>
  <testcase name="ToCountryOrCityTest" time="5.483" classname="com.emt.testcases.RoundTripTest"/>
  <system-out/>
  <testcase name="ToDropdownCharacterAcceptanceTest" time="5.293" classname="com.emt.testcases.RoundTripTest"/>
  <system-out/>
  <testcase name="searchFlightsForRoundTripTest" time="8.951" classname="com.emt.testcases.RoundTripTest"/>
  <system-out/>
  <testcase name="searchFlightsForRoundTripTest" time="8.503" classname="com.emt.testcases.RoundTripTest"/>
  <system-out/>
</testsuite> <!-- com.emt.testcases.RoundTripTest -->
