<?xml version="1.0" encoding="UTF-8"?>
<!-- Generated by org.testng.reporters.JUnitReportReporter -->
<testsuite skipped="0" hostname="vaibs-pc" name="com.emt.testcases.LoginPageTest" tests="4" failures="0" timestamp="2021-10-20T17:06:09 IST" time="25.635" errors="0">
  <testcase name="validateLoginpageTitleTest" time="6.501" classname="com.emt.testcases.LoginPageTest"/>
  <system-out/>
  <testcase name="validateEMTLogoTest" time="5.121" classname="com.emt.testcases.LoginPageTest"/>
  <system-out/>
  <testcase name="loginPageTest" time="8.483" classname="com.emt.testcases.LoginPageTest"/>
  <system-out/>
  <testcase name="invalidlogintest" time="5.530" classname="com.emt.testcases.LoginPageTest"/>
  <system-out/>
</testsuite> <!-- com.emt.testcases.LoginPageTest -->
